0 info it worked if it ends with ok
1 verbose cli [ '/usr/local/bin/node',
1 verbose cli   '/usr/local/bin/npm',
1 verbose cli   'install',
1 verbose cli   '-g',
1 verbose cli   'ios-deploy' ]
2 info using npm@2.15.5
3 info using node@v4.4.5
4 verbose install initial load of /usr/local/lib/package.json
5 verbose readDependencies loading dependencies from /usr/local/lib/package.json
6 silly cache add args [ 'ios-deploy', null ]
7 verbose cache add spec ios-deploy
8 silly cache add parsed spec Result {
8 silly cache add   raw: 'ios-deploy',
8 silly cache add   scope: null,
8 silly cache add   name: 'ios-deploy',
8 silly cache add   rawSpec: '',
8 silly cache add   spec: 'latest',
8 silly cache add   type: 'tag' }
9 silly addNamed ios-deploy@latest
10 verbose addNamed "latest" is being treated as a dist-tag for ios-deploy
11 info addNameTag [ 'ios-deploy', 'latest' ]
12 silly mapToRegistry name ios-deploy
13 silly mapToRegistry using default registry
14 silly mapToRegistry registry https://registry.npmjs.org/
15 silly mapToRegistry data Result {
15 silly mapToRegistry   raw: 'ios-deploy',
15 silly mapToRegistry   scope: null,
15 silly mapToRegistry   name: 'ios-deploy',
15 silly mapToRegistry   rawSpec: '',
15 silly mapToRegistry   spec: 'latest',
15 silly mapToRegistry   type: 'tag' }
16 silly mapToRegistry uri https://registry.npmjs.org/ios-deploy
17 verbose addNameTag registry:https://registry.npmjs.org/ios-deploy not in flight; fetching
18 verbose request uri https://registry.npmjs.org/ios-deploy
19 verbose request no auth needed
20 info attempt registry request try #1 at 6:58:32 PM
21 verbose request id b5d566cc51ed3199
22 http request GET https://registry.npmjs.org/ios-deploy
23 http 200 https://registry.npmjs.org/ios-deploy
24 verbose headers { server: 'nginx/1.10.1',
24 verbose headers   'content-type': 'application/json',
24 verbose headers   'last-modified': 'Sat, 04 Feb 2017 22:21:26 GMT',
24 verbose headers   etag: 'W/"589653e6-a556"',
24 verbose headers   'content-encoding': 'gzip',
24 verbose headers   'cache-control': 'max-age=300',
24 verbose headers   'content-length': '6437',
24 verbose headers   'accept-ranges': 'bytes',
24 verbose headers   date: 'Mon, 13 Mar 2017 08:58:39 GMT',
24 verbose headers   via: '1.1 varnish',
24 verbose headers   age: '172',
24 verbose headers   connection: 'keep-alive',
24 verbose headers   'x-served-by': 'cache-nrt6123-NRT',
24 verbose headers   'x-cache': 'HIT',
24 verbose headers   'x-cache-hits': '13',
24 verbose headers   'x-timer': 'S1489395519.527532,VS0,VE0',
24 verbose headers   vary: 'Accept-Encoding' }
25 silly get cb [ 200,
25 silly get   { server: 'nginx/1.10.1',
25 silly get     'content-type': 'application/json',
25 silly get     'last-modified': 'Sat, 04 Feb 2017 22:21:26 GMT',
25 silly get     etag: 'W/"589653e6-a556"',
25 silly get     'content-encoding': 'gzip',
25 silly get     'cache-control': 'max-age=300',
25 silly get     'content-length': '6437',
25 silly get     'accept-ranges': 'bytes',
25 silly get     date: 'Mon, 13 Mar 2017 08:58:39 GMT',
25 silly get     via: '1.1 varnish',
25 silly get     age: '172',
25 silly get     connection: 'keep-alive',
25 silly get     'x-served-by': 'cache-nrt6123-NRT',
25 silly get     'x-cache': 'HIT',
25 silly get     'x-cache-hits': '13',
25 silly get     'x-timer': 'S1489395519.527532,VS0,VE0',
25 silly get     vary: 'Accept-Encoding' } ]
26 verbose get saving ios-deploy to /Users/linkang/.npm/registry.npmjs.org/ios-deploy/.cache.json
27 verbose correctMkdir /Users/linkang/.npm correctMkdir not in flight; initializing
28 silly addNameTag next cb for ios-deploy with tag latest
29 silly addNamed ios-deploy@1.9.1
30 verbose addNamed "1.9.1" is a plain semver version for ios-deploy
31 silly mapToRegistry name ios-deploy
32 silly mapToRegistry using default registry
33 silly mapToRegistry registry https://registry.npmjs.org/
34 silly mapToRegistry data Result {
34 silly mapToRegistry   raw: 'ios-deploy',
34 silly mapToRegistry   scope: null,
34 silly mapToRegistry   name: 'ios-deploy',
34 silly mapToRegistry   rawSpec: '',
34 silly mapToRegistry   spec: 'latest',
34 silly mapToRegistry   type: 'tag' }
35 silly mapToRegistry uri https://registry.npmjs.org/ios-deploy
36 verbose addRemoteTarball https://registry.npmjs.org/ios-deploy/-/ios-deploy-1.9.1.tgz not in flight; adding
37 verbose addRemoteTarball [ 'https://registry.npmjs.org/ios-deploy/-/ios-deploy-1.9.1.tgz',
37 verbose addRemoteTarball   'e7dec9508bb464a1f2d546bb07fada41d2708e66' ]
38 info retry fetch attempt 1 at 6:58:39 PM
39 info attempt registry request try #1 at 6:58:39 PM
40 http fetch GET https://registry.npmjs.org/ios-deploy/-/ios-deploy-1.9.1.tgz
41 http fetch 200 https://registry.npmjs.org/ios-deploy/-/ios-deploy-1.9.1.tgz
42 silly fetchAndShaCheck shasum e7dec9508bb464a1f2d546bb07fada41d2708e66
43 verbose addTmpTarball /var/folders/mz/50wtrkk96dncx7kt6v_l4sxw0000gn/T/npm-13700-c31cb216/registry.npmjs.org/ios-deploy/-/ios-deploy-1.9.1.tgz not in flight; adding
44 verbose addTmpTarball already have metadata; skipping unpack for ios-deploy@1.9.1
45 verbose correctMkdir /Users/linkang/.npm correctMkdir not in flight; initializing
46 silly cache afterAdd ios-deploy@1.9.1
47 verbose afterAdd /Users/linkang/.npm/ios-deploy/1.9.1/package/package.json not in flight; writing
48 verbose correctMkdir /Users/linkang/.npm correctMkdir not in flight; initializing
49 verbose afterAdd /Users/linkang/.npm/ios-deploy/1.9.1/package/package.json written
50 silly install resolved [ { name: 'ios-deploy',
50 silly install resolved     version: '1.9.1',
50 silly install resolved     os: [ 'darwin' ],
50 silly install resolved     description: 'launch iOS apps iOS devices from the command line (Xcode 7)',
50 silly install resolved     main: 'ios-deploy',
50 silly install resolved     scripts:
50 silly install resolved      { preinstall: './src/scripts/check_reqs.js && xcodebuild',
50 silly install resolved        test: 'npm run pycompile && npm run jshint && xcodebuild -target ios-deploy-lib && xcodebuild test -scheme ios-deploy-tests',
50 silly install resolved        jshint: 'node node_modules/jshint/bin/jshint src/scripts/*.js',
50 silly install resolved        pycompile: 'python -m py_compile src/scripts/*.py' },
50 silly install resolved     bin: { 'ios-deploy': './build/Release/ios-deploy' },
50 silly install resolved     repository:
50 silly install resolved      { type: 'git',
50 silly install resolved        url: 'git+https://github.com/phonegap/ios-deploy.git' },
50 silly install resolved     devDependencies: { jshint: '2.5.8' },
50 silly install resolved     keywords: [ 'ios-deploy', 'deploy to iOS device' ],
50 silly install resolved     bugs: { url: 'https://github.com/phonegap/ios-deploy/issues' },
50 silly install resolved     author: { name: 'Greg Hughes' },
50 silly install resolved     license: 'GPLv3',
50 silly install resolved     gitHead: '52018c8cbacc440774bc262f7edb08eaadc642a8',
50 silly install resolved     homepage: 'https://github.com/phonegap/ios-deploy#readme',
50 silly install resolved     _id: 'ios-deploy@1.9.1',
50 silly install resolved     _shasum: 'e7dec9508bb464a1f2d546bb07fada41d2708e66',
50 silly install resolved     _from: 'ios-deploy@latest',
50 silly install resolved     _npmVersion: '3.10.9',
50 silly install resolved     _nodeVersion: '6.7.0',
50 silly install resolved     _npmUser: { name: 'shazron', email: 'shazron@gmail.com' },
50 silly install resolved     dist:
50 silly install resolved      { shasum: 'e7dec9508bb464a1f2d546bb07fada41d2708e66',
50 silly install resolved        tarball: 'https://registry.npmjs.org/ios-deploy/-/ios-deploy-1.9.1.tgz' },
50 silly install resolved     maintainers: [ [Object], [Object], [Object] ],
50 silly install resolved     _npmOperationalInternal:
50 silly install resolved      { host: 'packages-12-west.internal.npmjs.com',
50 silly install resolved        tmp: 'tmp/ios-deploy-1.9.1.tgz_1485549003982_0.7701364480890334' },
50 silly install resolved     directories: {},
50 silly install resolved     _resolved: 'https://registry.npmjs.org/ios-deploy/-/ios-deploy-1.9.1.tgz' } ]
51 info install ios-deploy@1.9.1 into /usr/local/lib
52 info installOne ios-deploy@1.9.1
53 verbose installOne of ios-deploy to /usr/local/lib not in flight; installing
54 verbose correctMkdir /Users/linkang/.npm/_locks correctMkdir not in flight; initializing
55 verbose lock using /Users/linkang/.npm/_locks/ios-deploy-198957223cd98201.lock for /usr/local/lib/node_modules/ios-deploy
56 silly install write writing ios-deploy 1.9.1 to /usr/local/lib/node_modules/ios-deploy
57 verbose unbuild lib/node_modules/ios-deploy
58 silly gentlyRm /usr/local/lib/node_modules/ios-deploy is being purged from base /usr/local
59 verbose gentlyRm don't care about contents; nuking /usr/local/lib/node_modules/ios-deploy
60 verbose tar unpack /Users/linkang/.npm/ios-deploy/1.9.1/package.tgz
61 verbose tar unpacking to /usr/local/lib/node_modules/ios-deploy
62 silly gentlyRm /usr/local/lib/node_modules/ios-deploy is being purged
63 verbose gentlyRm don't care about contents; nuking /usr/local/lib/node_modules/ios-deploy
64 silly gunzTarPerm modes [ '755', '644' ]
65 error tar.unpack untar error /Users/linkang/.npm/ios-deploy/1.9.1/package.tgz
66 verbose unlock done using /Users/linkang/.npm/_locks/ios-deploy-198957223cd98201.lock for /usr/local/lib/node_modules/ios-deploy
67 verbose fstream_path /usr/local/lib/node_modules/ios-deploy
68 verbose fstream_type Directory
69 verbose fstream_class DirWriter
70 verbose stack Error: EACCES: permission denied, mkdir '/usr/local/lib/node_modules/ios-deploy'
70 verbose stack     at Error (native)
71 verbose fstream_stack /usr/local/lib/node_modules/npm/node_modules/fstream/lib/dir-writer.js:35:25
71 verbose fstream_stack /usr/local/lib/node_modules/npm/node_modules/mkdirp/index.js:47:53
71 verbose fstream_stack FSReqWrap.oncomplete (fs.js:82:15)
72 verbose cwd /Users/linkang/Hybrid/MobileFile
73 error Darwin 15.5.0
74 error argv "/usr/local/bin/node" "/usr/local/bin/npm" "install" "-g" "ios-deploy"
75 error node v4.4.5
76 error npm  v2.15.5
77 error path /usr/local/lib/node_modules/ios-deploy
78 error code EACCES
79 error errno -13
80 error syscall mkdir
81 error Error: EACCES: permission denied, mkdir '/usr/local/lib/node_modules/ios-deploy'
81 error     at Error (native)
81 error  { [Error: EACCES: permission denied, mkdir '/usr/local/lib/node_modules/ios-deploy']
81 error   errno: -13,
81 error   code: 'EACCES',
81 error   syscall: 'mkdir',
81 error   path: '/usr/local/lib/node_modules/ios-deploy',
81 error   fstream_type: 'Directory',
81 error   fstream_path: '/usr/local/lib/node_modules/ios-deploy',
81 error   fstream_class: 'DirWriter',
81 error   fstream_stack:
81 error    [ '/usr/local/lib/node_modules/npm/node_modules/fstream/lib/dir-writer.js:35:25',
81 error      '/usr/local/lib/node_modules/npm/node_modules/mkdirp/index.js:47:53',
81 error      'FSReqWrap.oncomplete (fs.js:82:15)' ] }
82 error Please try running this command again as root/Administrator.
83 verbose exit [ -13, true ]
84 verbose unbuild lib/node_modules/ios-deploy
85 silly gentlyRm /usr/local/lib/node_modules/ios-deploy is being purged from base /usr/local
86 verbose gentlyRm don't care about contents; nuking /usr/local/lib/node_modules/ios-deploy
